<?xml version="1.0" encoding="UTF-8"?>
<robot generator="Robot 6.1.1 (Python 3.10.12 on linux)" generated="20231120 16:33:46.768" rpa="false" schemaversion="4">
<suite id="s1" name="Tests" source="/home/lahlint/ohtu_palautusrepositorio/viikko3/ohjelmistotuotanto-hy tehtavat main viikko3-hello-robot/src/tests">
<suite id="s1-s1" name="Increase Counter" source="/home/lahlint/ohtu_palautusrepositorio/viikko3/ohjelmistotuotanto-hy tehtavat main viikko3-hello-robot/src/tests/increase_counter.robot">
<test id="s1-s1-t1" name="Increase Counter Once" line="5">
<kw name="Counter Value Should Be" library="CounterLibrary">
<arg>0</arg>
<status status="PASS" starttime="20231120 16:33:46.793" endtime="20231120 16:33:46.793"/>
</kw>
<kw name="Increase Counter" library="CounterLibrary">
<status status="PASS" starttime="20231120 16:33:46.793" endtime="20231120 16:33:46.793"/>
</kw>
<kw name="Counter Value Should Be" library="CounterLibrary">
<arg>1</arg>
<status status="PASS" starttime="20231120 16:33:46.793" endtime="20231120 16:33:46.793"/>
</kw>
<status status="PASS" starttime="20231120 16:33:46.792" endtime="20231120 16:33:46.793"/>
</test>
<test id="s1-s1-t2" name="Increase Counter Many Times" line="10">
<kw name="Counter Value Should Be" library="CounterLibrary">
<arg>0</arg>
<status status="PASS" starttime="20231120 16:33:46.794" endtime="20231120 16:33:46.794"/>
</kw>
<kw name="Increase Counter" library="CounterLibrary">
<status status="PASS" starttime="20231120 16:33:46.794" endtime="20231120 16:33:46.794"/>
</kw>
<kw name="Increase Counter" library="CounterLibrary">
<status status="PASS" starttime="20231120 16:33:46.794" endtime="20231120 16:33:46.794"/>
</kw>
<kw name="Increase Counter" library="CounterLibrary">
<status status="PASS" starttime="20231120 16:33:46.794" endtime="20231120 16:33:46.794"/>
</kw>
<kw name="Counter Value Should Be" library="CounterLibrary">
<arg>3</arg>
<status status="PASS" starttime="20231120 16:33:46.794" endtime="20231120 16:33:46.794"/>
</kw>
<status status="PASS" starttime="20231120 16:33:46.793" endtime="20231120 16:33:46.794"/>
</test>
<test id="s1-s1-t3" name="Increment Counter By Amount" line="17">
<kw name="Counter Value Should Be" library="CounterLibrary">
<arg>0</arg>
<status status="PASS" starttime="20231120 16:33:46.795" endtime="20231120 16:33:46.795"/>
</kw>
<kw name="Increment Counter By" library="CounterLibrary">
<arg>5</arg>
<status status="PASS" starttime="20231120 16:33:46.795" endtime="20231120 16:33:46.795"/>
</kw>
<kw name="Counter Value Should Be" library="CounterLibrary">
<arg>5</arg>
<status status="PASS" starttime="20231120 16:33:46.795" endtime="20231120 16:33:46.795"/>
</kw>
<status status="PASS" starttime="20231120 16:33:46.794" endtime="20231120 16:33:46.795"/>
</test>
<status status="PASS" starttime="20231120 16:33:46.789" endtime="20231120 16:33:46.795"/>
</suite>
<status status="PASS" starttime="20231120 16:33:46.768" endtime="20231120 16:33:46.796"/>
</suite>
<statistics>
<total>
<stat pass="3" fail="0" skip="0">All Tests</stat>
</total>
<tag>
</tag>
<suite>
<stat pass="3" fail="0" skip="0" id="s1" name="Tests">Tests</stat>
<stat pass="3" fail="0" skip="0" id="s1-s1" name="Increase Counter">Tests.Increase Counter</stat>
</suite>
</statistics>
<errors>
</errors>
</robot>
